Arguments: 
  D:\system\nodejs\node.exe D:\system\yarn\bin\yarn.js add express cors mssql body-parser

PATH: 
  D:\system\python\Scripts\;D:\system\python\;C:\Windows\system32;C:\Windows;C:\Windows\System32\Wbem;C:\Windows\System32\WindowsPowerShell\v1.0\;C:\Windows\System32\OpenSSH\;D:\system\git\Git\cmd;C:\Program Files\Microsoft SQL Server\Client SDK\ODBC\170\Tools\Binn\;C:\Program Files (x86)\Microsoft SQL Server\150\Tools\Binn\;C:\Program Files\Microsoft SQL Server\150\Tools\Binn\;C:\Program Files\Microsoft SQL Server\150\DTS\Binn\;C:\Program Files (x86)\Microsoft SQL Server\150\DTS\Binn\;C:\Program Files\Azure Data Studio\bin;C:\Program Files\Microsoft SQL Server\130\Tools\Binn\;D:\system\nodejs\;D:\system\yarn\bin\;C:\Program Files\Docker\Docker\resources\bin;C:\ProgramData\DockerDesktop\version-bin;C:\Program Files\dotnet\;C:\Users\tranq\AppData\Local\Microsoft\WindowsApps;;D:\system\visual code\Microsoft VS Code\bin;C:\Program Files\Azure Data Studio\bin;C:\Users\tranq\AppData\Roaming\npm;C:\Users\tranq\AppData\Local\Yarn\bin;C:\Users\tranq\.dotnet\tools;D:\system\heroku\bin

Yarn version: 
  1.22.5

Node version: 
  14.15.4

Platform: 
  win32 x64

Trace: 
  Error: ENOENT: no such file or directory, lstat 'C:\Users\tranq\OneDrive\Desktop\doan\QLBH-backend\node_modules\@azure\ms-rest-js\node_modules\.bin'

npm manifest: 
  {
    "name": "qlbh-backend",
    "version": "1.0.0",
    "description": "Author: Tran Quoc Hung. MSSV: 1811063640",
    "main": "index.js",
    "scripts": {
      "test": "echo \"Error: no test specified\" && exit 1"
    },
    "author": "Tran Quoc Hung",
    "license": "ISC"
  }

yarn manifest: 
  No manifest

Lockfile: 
  No lockfile
